2026-03-09 15:56:28,787 - MainThread - py4j.clientserver - INFO - Closing down clientserver connection (clientserver.py:570)
2026-03-09 15:56:28,788 - MainThread - py4j.clientserver - INFO - Closing down clientserver connection (clientserver.py:570)
2026-03-09 15:56:28,788 - MainThread - py4j.clientserver - INFO - Closing down clientserver connection (clientserver.py:570)
2026-03-09 15:56:28,789 - MainThread - py4j.clientserver - INFO - Closing down clientserver connection (clientserver.py:570)
2026-03-09 15:56:28,795 - MainThread - py4j.clientserver - INFO - Closing down clientserver connection (clientserver.py:570)
2026-03-09 15:56:28,797 - MainThread - py4j.clientserver - INFO - Closing down clientserver connection (clientserver.py:570)
2026-03-09 15:56:28,797 - MainThread - py4j.clientserver - INFO - Closing down clientserver connection (clientserver.py:570)
2026-03-09 15:56:28,800 - MainThread - py4j.clientserver - INFO - Closing down clientserver connection (clientserver.py:570)
2026-03-09 15:56:28,801 - MainThread - py4j.clientserver - INFO - Closing down clientserver connection (clientserver.py:570)
2026-03-09 15:56:28,803 - MainThread - py4j.clientserver - INFO - Closing down clientserver connection (clientserver.py:570)
2026-03-09 15:56:28,804 - MainThread - py4j.clientserver - INFO - Closing down clientserver connection (clientserver.py:570)
2026-03-09 15:56:28,806 - MainThread - py4j.clientserver - INFO - Closing down clientserver connection (clientserver.py:570)
2026-03-09 15:56:28,807 - MainThread - py4j.clientserver - INFO - Closing down clientserver connection (clientserver.py:570)
2026-03-09 15:56:28,810 - MainThread - py4j.clientserver - INFO - Closing down clientserver connection (clientserver.py:570)
2026-03-09 15:56:28,827 - MainThread - sqlmesh.core.console - WARNING - The duckdb state connection is configured for single threaded mode but the warehouse connection is configured for multi threaded mode with 4 concurrent tasks. This can cause SQLMesh to hang. Overriding the duckdb state connection config to use multi threaded mode. (console.py:2335)
2026-03-09 15:56:28,829 - MainThread - sqlmesh.core.config.connection - INFO - Creating new DuckDB adapter for in-memory database (connection.py:498)
2026-03-09 15:56:28,880 - MainThread - sqlmesh.core.console - WARNING - The duckdb engine is not recommended for storing SQLMesh state in production deployments. Please see https://sqlmesh.readthedocs.io/en/stable/guides/configuration/#state-connection for a list of recommended engines and more information. (console.py:2335)
2026-03-09 15:56:28,891 - MainThread - sqlmesh.core.state_sync.db.migrator - INFO - Applying migration <module 'sqlmesh.migrations.v0000_baseline' from '/Users/whiz/.pyenv/versions/3.13.11/lib/python3.13/site-packages/sqlmesh/migrations/v0000_baseline.py'> (migrator.py:185)
2026-03-09 15:56:28,901 - MainThread - sqlmesh.core.state_sync.db.migrator - INFO - Applying migration <module 'sqlmesh.migrations.v0061_mysql_fix_blob_text_type' from '/Users/whiz/.pyenv/versions/3.13.11/lib/python3.13/site-packages/sqlmesh/migrations/v0061_mysql_fix_blob_text_type.py'> (migrator.py:185)
2026-03-09 15:56:28,901 - MainThread - sqlmesh.core.state_sync.db.migrator - INFO - Applying migration <module 'sqlmesh.migrations.v0062_add_model_gateway' from '/Users/whiz/.pyenv/versions/3.13.11/lib/python3.13/site-packages/sqlmesh/migrations/v0062_add_model_gateway.py'> (migrator.py:185)
2026-03-09 15:56:28,901 - MainThread - sqlmesh.core.state_sync.db.migrator - INFO - Applying migration <module 'sqlmesh.migrations.v0063_change_signals' from '/Users/whiz/.pyenv/versions/3.13.11/lib/python3.13/site-packages/sqlmesh/migrations/v0063_change_signals.py'> (migrator.py:185)
2026-03-09 15:56:28,901 - MainThread - sqlmesh.core.state_sync.db.migrator - INFO - Applying migration <module 'sqlmesh.migrations.v0064_join_when_matched_strings' from '/Users/whiz/.pyenv/versions/3.13.11/lib/python3.13/site-packages/sqlmesh/migrations/v0064_join_when_matched_strings.py'> (migrator.py:185)
2026-03-09 15:56:28,901 - MainThread - sqlmesh.core.state_sync.db.migrator - INFO - Applying migration <module 'sqlmesh.migrations.v0065_add_model_optimize' from '/Users/whiz/.pyenv/versions/3.13.11/lib/python3.13/site-packages/sqlmesh/migrations/v0065_add_model_optimize.py'> (migrator.py:185)
2026-03-09 15:56:28,901 - MainThread - sqlmesh.core.state_sync.db.migrator - INFO - Applying migration <module 'sqlmesh.migrations.v0066_add_auto_restatements' from '/Users/whiz/.pyenv/versions/3.13.11/lib/python3.13/site-packages/sqlmesh/migrations/v0066_add_auto_restatements.py'> (migrator.py:185)
2026-03-09 15:56:28,903 - MainThread - sqlmesh.core.state_sync.db.migrator - INFO - Applying migration <module 'sqlmesh.migrations.v0067_add_tsql_date_full_precision' from '/Users/whiz/.pyenv/versions/3.13.11/lib/python3.13/site-packages/sqlmesh/migrations/v0067_add_tsql_date_full_precision.py'> (migrator.py:185)
2026-03-09 15:56:28,904 - MainThread - sqlmesh.core.state_sync.db.migrator - INFO - Applying migration <module 'sqlmesh.migrations.v0068_include_unrendered_query_in_metadata_hash' from '/Users/whiz/.pyenv/versions/3.13.11/lib/python3.13/site-packages/sqlmesh/migrations/v0068_include_unrendered_query_in_metadata_hash.py'> (migrator.py:185)
2026-03-09 15:56:28,904 - MainThread - sqlmesh.core.state_sync.db.migrator - INFO - Applying migration <module 'sqlmesh.migrations.v0069_update_dev_table_suffix' from '/Users/whiz/.pyenv/versions/3.13.11/lib/python3.13/site-packages/sqlmesh/migrations/v0069_update_dev_table_suffix.py'> (migrator.py:185)
2026-03-09 15:56:28,904 - MainThread - sqlmesh.core.state_sync.db.migrator - INFO - Applying migration <module 'sqlmesh.migrations.v0070_include_grains_in_metadata_hash' from '/Users/whiz/.pyenv/versions/3.13.11/lib/python3.13/site-packages/sqlmesh/migrations/v0070_include_grains_in_metadata_hash.py'> (migrator.py:185)
2026-03-09 15:56:28,904 - MainThread - sqlmesh.core.state_sync.db.migrator - INFO - Applying migration <module 'sqlmesh.migrations.v0071_add_dev_version_to_intervals' from '/Users/whiz/.pyenv/versions/3.13.11/lib/python3.13/site-packages/sqlmesh/migrations/v0071_add_dev_version_to_intervals.py'> (migrator.py:185)
2026-03-09 15:56:28,904 - MainThread - sqlmesh.core.state_sync.db.migrator - INFO - Applying migration <module 'sqlmesh.migrations.v0072_add_environment_statements' from '/Users/whiz/.pyenv/versions/3.13.11/lib/python3.13/site-packages/sqlmesh/migrations/v0072_add_environment_statements.py'> (migrator.py:185)
2026-03-09 15:56:28,905 - MainThread - sqlmesh.core.state_sync.db.migrator - INFO - Applying migration <module 'sqlmesh.migrations.v0073_remove_symbolic_disable_restatement' from '/Users/whiz/.pyenv/versions/3.13.11/lib/python3.13/site-packages/sqlmesh/migrations/v0073_remove_symbolic_disable_restatement.py'> (migrator.py:185)
2026-03-09 15:56:28,905 - MainThread - sqlmesh.core.state_sync.db.migrator - INFO - Applying migration <module 'sqlmesh.migrations.v0074_add_partition_by_time_column_property' from '/Users/whiz/.pyenv/versions/3.13.11/lib/python3.13/site-packages/sqlmesh/migrations/v0074_add_partition_by_time_column_property.py'> (migrator.py:185)
2026-03-09 15:56:28,905 - MainThread - sqlmesh.core.state_sync.db.migrator - INFO - Applying migration <module 'sqlmesh.migrations.v0075_remove_validate_query' from '/Users/whiz/.pyenv/versions/3.13.11/lib/python3.13/site-packages/sqlmesh/migrations/v0075_remove_validate_query.py'> (migrator.py:185)
2026-03-09 15:56:28,905 - MainThread - sqlmesh.core.state_sync.db.migrator - INFO - Applying migration <module 'sqlmesh.migrations.v0076_add_cron_tz' from '/Users/whiz/.pyenv/versions/3.13.11/lib/python3.13/site-packages/sqlmesh/migrations/v0076_add_cron_tz.py'> (migrator.py:185)
2026-03-09 15:56:28,905 - MainThread - sqlmesh.core.state_sync.db.migrator - INFO - Applying migration <module 'sqlmesh.migrations.v0077_fix_column_type_hash_calculation' from '/Users/whiz/.pyenv/versions/3.13.11/lib/python3.13/site-packages/sqlmesh/migrations/v0077_fix_column_type_hash_calculation.py'> (migrator.py:185)
2026-03-09 15:56:28,905 - MainThread - sqlmesh.core.state_sync.db.migrator - INFO - Applying migration <module 'sqlmesh.migrations.v0078_warn_if_non_migratable_python_env' from '/Users/whiz/.pyenv/versions/3.13.11/lib/python3.13/site-packages/sqlmesh/migrations/v0078_warn_if_non_migratable_python_env.py'> (migrator.py:185)
2026-03-09 15:56:28,905 - MainThread - sqlmesh.core.state_sync.db.migrator - INFO - Applying migration <module 'sqlmesh.migrations.v0079_add_gateway_managed_property' from '/Users/whiz/.pyenv/versions/3.13.11/lib/python3.13/site-packages/sqlmesh/migrations/v0079_add_gateway_managed_property.py'> (migrator.py:185)
2026-03-09 15:56:28,905 - MainThread - sqlmesh.core.state_sync.db.migrator - INFO - Applying migration <module 'sqlmesh.migrations.v0080_add_batch_size_to_scd_type_2_models' from '/Users/whiz/.pyenv/versions/3.13.11/lib/python3.13/site-packages/sqlmesh/migrations/v0080_add_batch_size_to_scd_type_2_models.py'> (migrator.py:185)
2026-03-09 15:56:28,905 - MainThread - sqlmesh.core.state_sync.db.migrator - INFO - Applying migration <module 'sqlmesh.migrations.v0081_update_partitioned_by' from '/Users/whiz/.pyenv/versions/3.13.11/lib/python3.13/site-packages/sqlmesh/migrations/v0081_update_partitioned_by.py'> (migrator.py:185)
2026-03-09 15:56:28,905 - MainThread - sqlmesh.core.state_sync.db.migrator - INFO - Applying migration <module 'sqlmesh.migrations.v0082_warn_if_incorrectly_duplicated_statements' from '/Users/whiz/.pyenv/versions/3.13.11/lib/python3.13/site-packages/sqlmesh/migrations/v0082_warn_if_incorrectly_duplicated_statements.py'> (migrator.py:185)
2026-03-09 15:56:28,905 - MainThread - sqlmesh.core.state_sync.db.migrator - INFO - Applying migration <module 'sqlmesh.migrations.v0083_use_sql_for_scd_time_data_type_data_hash' from '/Users/whiz/.pyenv/versions/3.13.11/lib/python3.13/site-packages/sqlmesh/migrations/v0083_use_sql_for_scd_time_data_type_data_hash.py'> (migrator.py:185)
2026-03-09 15:56:28,905 - MainThread - sqlmesh.core.state_sync.db.migrator - INFO - Applying migration <module 'sqlmesh.migrations.v0084_normalize_quote_when_matched_and_merge_filter' from '/Users/whiz/.pyenv/versions/3.13.11/lib/python3.13/site-packages/sqlmesh/migrations/v0084_normalize_quote_when_matched_and_merge_filter.py'> (migrator.py:185)
2026-03-09 15:56:28,905 - MainThread - sqlmesh.core.state_sync.db.migrator - INFO - Applying migration <module 'sqlmesh.migrations.v0085_deterministic_repr' from '/Users/whiz/.pyenv/versions/3.13.11/lib/python3.13/site-packages/sqlmesh/migrations/v0085_deterministic_repr.py'> (migrator.py:185)
2026-03-09 15:56:28,905 - MainThread - sqlmesh.core.state_sync.db.migrator - INFO - Applying migration <module 'sqlmesh.migrations.v0086_check_deterministic_bug' from '/Users/whiz/.pyenv/versions/3.13.11/lib/python3.13/site-packages/sqlmesh/migrations/v0086_check_deterministic_bug.py'> (migrator.py:185)
2026-03-09 15:56:28,905 - MainThread - sqlmesh.core.state_sync.db.migrator - INFO - Applying migration <module 'sqlmesh.migrations.v0087_normalize_blueprint_variables' from '/Users/whiz/.pyenv/versions/3.13.11/lib/python3.13/site-packages/sqlmesh/migrations/v0087_normalize_blueprint_variables.py'> (migrator.py:185)
2026-03-09 15:56:28,905 - MainThread - sqlmesh.core.state_sync.db.migrator - INFO - Applying migration <module 'sqlmesh.migrations.v0088_warn_about_variable_python_env_diffs' from '/Users/whiz/.pyenv/versions/3.13.11/lib/python3.13/site-packages/sqlmesh/migrations/v0088_warn_about_variable_python_env_diffs.py'> (migrator.py:185)
2026-03-09 15:56:28,905 - MainThread - sqlmesh.core.state_sync.db.migrator - INFO - Applying migration <module 'sqlmesh.migrations.v0089_add_virtual_environment_mode' from '/Users/whiz/.pyenv/versions/3.13.11/lib/python3.13/site-packages/sqlmesh/migrations/v0089_add_virtual_environment_mode.py'> (migrator.py:185)
2026-03-09 15:56:28,905 - MainThread - sqlmesh.core.state_sync.db.migrator - INFO - Applying migration <module 'sqlmesh.migrations.v0090_add_forward_only_column' from '/Users/whiz/.pyenv/versions/3.13.11/lib/python3.13/site-packages/sqlmesh/migrations/v0090_add_forward_only_column.py'> (migrator.py:185)
2026-03-09 15:56:28,905 - MainThread - sqlmesh.core.state_sync.db.migrator - INFO - Applying migration <module 'sqlmesh.migrations.v0091_on_additive_change' from '/Users/whiz/.pyenv/versions/3.13.11/lib/python3.13/site-packages/sqlmesh/migrations/v0091_on_additive_change.py'> (migrator.py:185)
2026-03-09 15:56:28,905 - MainThread - sqlmesh.core.state_sync.db.migrator - INFO - Applying migration <module 'sqlmesh.migrations.v0092_warn_about_dbt_data_type_diff' from '/Users/whiz/.pyenv/versions/3.13.11/lib/python3.13/site-packages/sqlmesh/migrations/v0092_warn_about_dbt_data_type_diff.py'> (migrator.py:185)
2026-03-09 15:56:28,905 - MainThread - sqlmesh.core.state_sync.db.migrator - INFO - Applying migration <module 'sqlmesh.migrations.v0093_use_raw_sql_in_fingerprint' from '/Users/whiz/.pyenv/versions/3.13.11/lib/python3.13/site-packages/sqlmesh/migrations/v0093_use_raw_sql_in_fingerprint.py'> (migrator.py:185)
2026-03-09 15:56:28,906 - MainThread - sqlmesh.core.state_sync.db.migrator - INFO - Applying migration <module 'sqlmesh.migrations.v0094_add_dev_version_and_fingerprint_columns' from '/Users/whiz/.pyenv/versions/3.13.11/lib/python3.13/site-packages/sqlmesh/migrations/v0094_add_dev_version_and_fingerprint_columns.py'> (migrator.py:185)
2026-03-09 15:56:28,906 - MainThread - sqlmesh.core.state_sync.db.migrator - INFO - Applying migration <module 'sqlmesh.migrations.v0095_warn_about_dbt_raw_sql_diff' from '/Users/whiz/.pyenv/versions/3.13.11/lib/python3.13/site-packages/sqlmesh/migrations/v0095_warn_about_dbt_raw_sql_diff.py'> (migrator.py:185)
2026-03-09 15:56:28,906 - MainThread - sqlmesh.core.state_sync.db.migrator - INFO - Applying migration <module 'sqlmesh.migrations.v0096_remove_plan_dags_table' from '/Users/whiz/.pyenv/versions/3.13.11/lib/python3.13/site-packages/sqlmesh/migrations/v0096_remove_plan_dags_table.py'> (migrator.py:185)
2026-03-09 15:56:28,906 - MainThread - sqlmesh.core.state_sync.db.migrator - INFO - Applying migration <module 'sqlmesh.migrations.v0097_add_dbt_name_in_node' from '/Users/whiz/.pyenv/versions/3.13.11/lib/python3.13/site-packages/sqlmesh/migrations/v0097_add_dbt_name_in_node.py'> (migrator.py:185)
2026-03-09 15:56:28,906 - MainThread - sqlmesh.core.state_sync.db.migrator - INFO - Applying migration <module 'sqlmesh.migrations.v0098_add_dbt_node_info_in_node' from '/Users/whiz/.pyenv/versions/3.13.11/lib/python3.13/site-packages/sqlmesh/migrations/v0098_add_dbt_node_info_in_node.py'> (migrator.py:185)
2026-03-09 15:56:28,906 - MainThread - sqlmesh.core.state_sync.db.migrator - INFO - Applying migration <module 'sqlmesh.migrations.v0099_add_last_altered_to_intervals' from '/Users/whiz/.pyenv/versions/3.13.11/lib/python3.13/site-packages/sqlmesh/migrations/v0099_add_last_altered_to_intervals.py'> (migrator.py:185)
2026-03-09 15:56:28,906 - MainThread - sqlmesh.core.state_sync.db.migrator - INFO - Applying migration <module 'sqlmesh.migrations.v0100_add_grants_and_grants_target_layer' from '/Users/whiz/.pyenv/versions/3.13.11/lib/python3.13/site-packages/sqlmesh/migrations/v0100_add_grants_and_grants_target_layer.py'> (migrator.py:185)
2026-03-09 15:56:28,907 - MainThread - sqlmesh.core.state_sync.db.migrator - INFO - Fetching environments (migrator.py:207)
2026-03-09 15:56:28,907 - MainThread - sqlmesh.core.state_sync.db.migrator - INFO - Migrating snapshot rows... (migrator.py:224)
2026-03-09 15:56:28,908 - MainThread - sqlmesh.core.state_sync.db.migrator - INFO - No changes to snapshots detected (migrator.py:217)
2026-03-09 15:56:28,918 - MainThread - py4j.clientserver - INFO - Closing down clientserver connection (clientserver.py:570)
2026-03-09 15:56:28,919 - MainThread - py4j.clientserver - INFO - Closing down clientserver connection (clientserver.py:570)
2026-03-09 15:56:28,920 - MainThread - py4j.clientserver - INFO - Closing down clientserver connection (clientserver.py:570)
2026-03-09 15:56:28,920 - MainThread - py4j.clientserver - INFO - Closing down clientserver connection (clientserver.py:570)
2026-03-09 15:56:28,921 - MainThread - py4j.clientserver - INFO - Closing down clientserver connection (clientserver.py:570)
2026-03-09 15:56:28,922 - MainThread - py4j.clientserver - INFO - Closing down clientserver connection (clientserver.py:570)
2026-03-09 15:56:28,923 - MainThread - py4j.clientserver - INFO - Closing down clientserver connection (clientserver.py:570)
2026-03-09 15:56:28,923 - MainThread - py4j.clientserver - INFO - Closing down clientserver connection (clientserver.py:570)
2026-03-09 15:56:28,924 - MainThread - py4j.clientserver - INFO - Closing down clientserver connection (clientserver.py:570)
2026-03-09 15:56:28,925 - MainThread - py4j.clientserver - INFO - Closing down clientserver connection (clientserver.py:570)
2026-03-09 15:56:28,925 - MainThread - py4j.clientserver - INFO - Closing down clientserver connection (clientserver.py:570)
2026-03-09 15:56:28,926 - MainThread - py4j.clientserver - INFO - Closing down clientserver connection (clientserver.py:570)
2026-03-09 15:56:28,927 - MainThread - py4j.clientserver - INFO - Closing down clientserver connection (clientserver.py:570)
2026-03-09 15:56:28,927 - MainThread - py4j.clientserver - INFO - Closing down clientserver connection (clientserver.py:570)
2026-03-09 15:56:29,082 - Thread-1 - py4j.clientserver - INFO - Error while sending or receiving. (clientserver.py:529)
Traceback (most recent call last):
  File "/Users/whiz/.pyenv/versions/3.13.11/lib/python3.13/site-packages/py4j/clientserver.py", line 527, in send_command
    self.socket.sendall(command.encode("utf-8"))
    ~~~~~~~~~~~~~~~~~~~^^^^^^^^^^^^^^^^^^^^^^^^^
BrokenPipeError: [Errno 32] Broken pipe
2026-03-09 15:56:29,083 - Thread-1 - py4j.clientserver - INFO - Closing down clientserver connection (clientserver.py:570)
2026-03-09 15:56:29,083 - Thread-1 - root - INFO - Exception while sending command. (java_gateway.py:1056)
Traceback (most recent call last):
  File "/Users/whiz/.pyenv/versions/3.13.11/lib/python3.13/site-packages/py4j/clientserver.py", line 527, in send_command
    self.socket.sendall(command.encode("utf-8"))
    ~~~~~~~~~~~~~~~~~~~^^^^^^^^^^^^^^^^^^^^^^^^^
BrokenPipeError: [Errno 32] Broken pipe

During handling of the above exception, another exception occurred:

Traceback (most recent call last):
  File "/Users/whiz/.pyenv/versions/3.13.11/lib/python3.13/site-packages/py4j/java_gateway.py", line 1038, in send_command
    response = connection.send_command(command)
  File "/Users/whiz/.pyenv/versions/3.13.11/lib/python3.13/site-packages/py4j/clientserver.py", line 530, in send_command
    raise Py4JNetworkError(
        "Error while sending", e, proto.ERROR_ON_SEND)
py4j.protocol.Py4JNetworkError: Error while sending
2026-03-09 15:56:29,085 - Thread-1 - py4j.clientserver - INFO - Closing down clientserver connection (clientserver.py:570)
2026-03-09 16:08:02,023 - MainThread - root - INFO - Shutting down the event dispatcher (dispatcher.py:159)
