2026-03-09 18:54:24,795 - MainThread - py4j.clientserver - INFO - Closing down clientserver connection (clientserver.py:570)
2026-03-09 18:54:24,796 - MainThread - py4j.clientserver - INFO - Closing down clientserver connection (clientserver.py:570)
2026-03-09 18:54:24,797 - MainThread - py4j.clientserver - INFO - Closing down clientserver connection (clientserver.py:570)
2026-03-09 18:54:24,798 - MainThread - py4j.clientserver - INFO - Closing down clientserver connection (clientserver.py:570)
2026-03-09 18:54:24,798 - MainThread - py4j.clientserver - INFO - Closing down clientserver connection (clientserver.py:570)
2026-03-09 18:54:24,799 - MainThread - py4j.clientserver - INFO - Closing down clientserver connection (clientserver.py:570)
2026-03-09 18:54:24,800 - MainThread - py4j.clientserver - INFO - Closing down clientserver connection (clientserver.py:570)
2026-03-09 18:54:24,801 - MainThread - py4j.clientserver - INFO - Closing down clientserver connection (clientserver.py:570)
2026-03-09 18:54:24,802 - MainThread - py4j.clientserver - INFO - Closing down clientserver connection (clientserver.py:570)
2026-03-09 18:54:24,803 - MainThread - py4j.clientserver - INFO - Closing down clientserver connection (clientserver.py:570)
2026-03-09 18:54:24,804 - MainThread - py4j.clientserver - INFO - Closing down clientserver connection (clientserver.py:570)
2026-03-09 18:54:24,805 - MainThread - py4j.clientserver - INFO - Closing down clientserver connection (clientserver.py:570)
2026-03-09 18:54:24,806 - MainThread - py4j.clientserver - INFO - Closing down clientserver connection (clientserver.py:570)
2026-03-09 18:54:24,807 - MainThread - py4j.clientserver - INFO - Closing down clientserver connection (clientserver.py:570)
2026-03-09 18:54:24,850 - MainThread - sqlmesh.core.console - WARNING - The duckdb state connection is configured for single threaded mode but the warehouse connection is configured for multi threaded mode with 4 concurrent tasks. This can cause SQLMesh to hang. Overriding the duckdb state connection config to use multi threaded mode. (console.py:2335)
2026-03-09 18:54:24,851 - MainThread - sqlmesh.core.config.connection - INFO - Creating new DuckDB adapter for in-memory database (connection.py:498)
2026-03-09 18:54:24,909 - MainThread - sqlmesh.core.console - WARNING - The duckdb engine is not recommended for storing SQLMesh state in production deployments. Please see https://sqlmesh.readthedocs.io/en/stable/guides/configuration/#state-connection for a list of recommended engines and more information. (console.py:2335)
2026-03-09 18:54:24,922 - MainThread - sqlmesh.core.state_sync.db.migrator - INFO - Applying migration <module 'sqlmesh.migrations.v0000_baseline' from '/Users/whiz/.pyenv/versions/3.13.11/lib/python3.13/site-packages/sqlmesh/migrations/v0000_baseline.py'> (migrator.py:185)
2026-03-09 18:54:24,932 - MainThread - sqlmesh.core.state_sync.db.migrator - INFO - Applying migration <module 'sqlmesh.migrations.v0061_mysql_fix_blob_text_type' from '/Users/whiz/.pyenv/versions/3.13.11/lib/python3.13/site-packages/sqlmesh/migrations/v0061_mysql_fix_blob_text_type.py'> (migrator.py:185)
2026-03-09 18:54:24,933 - MainThread - sqlmesh.core.state_sync.db.migrator - INFO - Applying migration <module 'sqlmesh.migrations.v0062_add_model_gateway' from '/Users/whiz/.pyenv/versions/3.13.11/lib/python3.13/site-packages/sqlmesh/migrations/v0062_add_model_gateway.py'> (migrator.py:185)
2026-03-09 18:54:24,933 - MainThread - sqlmesh.core.state_sync.db.migrator - INFO - Applying migration <module 'sqlmesh.migrations.v0063_change_signals' from '/Users/whiz/.pyenv/versions/3.13.11/lib/python3.13/site-packages/sqlmesh/migrations/v0063_change_signals.py'> (migrator.py:185)
2026-03-09 18:54:24,933 - MainThread - sqlmesh.core.state_sync.db.migrator - INFO - Applying migration <module 'sqlmesh.migrations.v0064_join_when_matched_strings' from '/Users/whiz/.pyenv/versions/3.13.11/lib/python3.13/site-packages/sqlmesh/migrations/v0064_join_when_matched_strings.py'> (migrator.py:185)
2026-03-09 18:54:24,933 - MainThread - sqlmesh.core.state_sync.db.migrator - INFO - Applying migration <module 'sqlmesh.migrations.v0065_add_model_optimize' from '/Users/whiz/.pyenv/versions/3.13.11/lib/python3.13/site-packages/sqlmesh/migrations/v0065_add_model_optimize.py'> (migrator.py:185)
2026-03-09 18:54:24,933 - MainThread - sqlmesh.core.state_sync.db.migrator - INFO - Applying migration <module 'sqlmesh.migrations.v0066_add_auto_restatements' from '/Users/whiz/.pyenv/versions/3.13.11/lib/python3.13/site-packages/sqlmesh/migrations/v0066_add_auto_restatements.py'> (migrator.py:185)
2026-03-09 18:54:24,934 - MainThread - sqlmesh.core.state_sync.db.migrator - INFO - Applying migration <module 'sqlmesh.migrations.v0067_add_tsql_date_full_precision' from '/Users/whiz/.pyenv/versions/3.13.11/lib/python3.13/site-packages/sqlmesh/migrations/v0067_add_tsql_date_full_precision.py'> (migrator.py:185)
2026-03-09 18:54:24,935 - MainThread - sqlmesh.core.state_sync.db.migrator - INFO - Applying migration <module 'sqlmesh.migrations.v0068_include_unrendered_query_in_metadata_hash' from '/Users/whiz/.pyenv/versions/3.13.11/lib/python3.13/site-packages/sqlmesh/migrations/v0068_include_unrendered_query_in_metadata_hash.py'> (migrator.py:185)
2026-03-09 18:54:24,935 - MainThread - sqlmesh.core.state_sync.db.migrator - INFO - Applying migration <module 'sqlmesh.migrations.v0069_update_dev_table_suffix' from '/Users/whiz/.pyenv/versions/3.13.11/lib/python3.13/site-packages/sqlmesh/migrations/v0069_update_dev_table_suffix.py'> (migrator.py:185)
2026-03-09 18:54:24,935 - MainThread - sqlmesh.core.state_sync.db.migrator - INFO - Applying migration <module 'sqlmesh.migrations.v0070_include_grains_in_metadata_hash' from '/Users/whiz/.pyenv/versions/3.13.11/lib/python3.13/site-packages/sqlmesh/migrations/v0070_include_grains_in_metadata_hash.py'> (migrator.py:185)
2026-03-09 18:54:24,935 - MainThread - sqlmesh.core.state_sync.db.migrator - INFO - Applying migration <module 'sqlmesh.migrations.v0071_add_dev_version_to_intervals' from '/Users/whiz/.pyenv/versions/3.13.11/lib/python3.13/site-packages/sqlmesh/migrations/v0071_add_dev_version_to_intervals.py'> (migrator.py:185)
2026-03-09 18:54:24,935 - MainThread - sqlmesh.core.state_sync.db.migrator - INFO - Applying migration <module 'sqlmesh.migrations.v0072_add_environment_statements' from '/Users/whiz/.pyenv/versions/3.13.11/lib/python3.13/site-packages/sqlmesh/migrations/v0072_add_environment_statements.py'> (migrator.py:185)
2026-03-09 18:54:24,936 - MainThread - sqlmesh.core.state_sync.db.migrator - INFO - Applying migration <module 'sqlmesh.migrations.v0073_remove_symbolic_disable_restatement' from '/Users/whiz/.pyenv/versions/3.13.11/lib/python3.13/site-packages/sqlmesh/migrations/v0073_remove_symbolic_disable_restatement.py'> (migrator.py:185)
2026-03-09 18:54:24,936 - MainThread - sqlmesh.core.state_sync.db.migrator - INFO - Applying migration <module 'sqlmesh.migrations.v0074_add_partition_by_time_column_property' from '/Users/whiz/.pyenv/versions/3.13.11/lib/python3.13/site-packages/sqlmesh/migrations/v0074_add_partition_by_time_column_property.py'> (migrator.py:185)
2026-03-09 18:54:24,936 - MainThread - sqlmesh.core.state_sync.db.migrator - INFO - Applying migration <module 'sqlmesh.migrations.v0075_remove_validate_query' from '/Users/whiz/.pyenv/versions/3.13.11/lib/python3.13/site-packages/sqlmesh/migrations/v0075_remove_validate_query.py'> (migrator.py:185)
2026-03-09 18:54:24,936 - MainThread - sqlmesh.core.state_sync.db.migrator - INFO - Applying migration <module 'sqlmesh.migrations.v0076_add_cron_tz' from '/Users/whiz/.pyenv/versions/3.13.11/lib/python3.13/site-packages/sqlmesh/migrations/v0076_add_cron_tz.py'> (migrator.py:185)
2026-03-09 18:54:24,936 - MainThread - sqlmesh.core.state_sync.db.migrator - INFO - Applying migration <module 'sqlmesh.migrations.v0077_fix_column_type_hash_calculation' from '/Users/whiz/.pyenv/versions/3.13.11/lib/python3.13/site-packages/sqlmesh/migrations/v0077_fix_column_type_hash_calculation.py'> (migrator.py:185)
2026-03-09 18:54:24,936 - MainThread - sqlmesh.core.state_sync.db.migrator - INFO - Applying migration <module 'sqlmesh.migrations.v0078_warn_if_non_migratable_python_env' from '/Users/whiz/.pyenv/versions/3.13.11/lib/python3.13/site-packages/sqlmesh/migrations/v0078_warn_if_non_migratable_python_env.py'> (migrator.py:185)
2026-03-09 18:54:24,936 - MainThread - sqlmesh.core.state_sync.db.migrator - INFO - Applying migration <module 'sqlmesh.migrations.v0079_add_gateway_managed_property' from '/Users/whiz/.pyenv/versions/3.13.11/lib/python3.13/site-packages/sqlmesh/migrations/v0079_add_gateway_managed_property.py'> (migrator.py:185)
2026-03-09 18:54:24,937 - MainThread - sqlmesh.core.state_sync.db.migrator - INFO - Applying migration <module 'sqlmesh.migrations.v0080_add_batch_size_to_scd_type_2_models' from '/Users/whiz/.pyenv/versions/3.13.11/lib/python3.13/site-packages/sqlmesh/migrations/v0080_add_batch_size_to_scd_type_2_models.py'> (migrator.py:185)
2026-03-09 18:54:24,937 - MainThread - sqlmesh.core.state_sync.db.migrator - INFO - Applying migration <module 'sqlmesh.migrations.v0081_update_partitioned_by' from '/Users/whiz/.pyenv/versions/3.13.11/lib/python3.13/site-packages/sqlmesh/migrations/v0081_update_partitioned_by.py'> (migrator.py:185)
2026-03-09 18:54:24,937 - MainThread - sqlmesh.core.state_sync.db.migrator - INFO - Applying migration <module 'sqlmesh.migrations.v0082_warn_if_incorrectly_duplicated_statements' from '/Users/whiz/.pyenv/versions/3.13.11/lib/python3.13/site-packages/sqlmesh/migrations/v0082_warn_if_incorrectly_duplicated_statements.py'> (migrator.py:185)
2026-03-09 18:54:24,937 - MainThread - sqlmesh.core.state_sync.db.migrator - INFO - Applying migration <module 'sqlmesh.migrations.v0083_use_sql_for_scd_time_data_type_data_hash' from '/Users/whiz/.pyenv/versions/3.13.11/lib/python3.13/site-packages/sqlmesh/migrations/v0083_use_sql_for_scd_time_data_type_data_hash.py'> (migrator.py:185)
2026-03-09 18:54:24,937 - MainThread - sqlmesh.core.state_sync.db.migrator - INFO - Applying migration <module 'sqlmesh.migrations.v0084_normalize_quote_when_matched_and_merge_filter' from '/Users/whiz/.pyenv/versions/3.13.11/lib/python3.13/site-packages/sqlmesh/migrations/v0084_normalize_quote_when_matched_and_merge_filter.py'> (migrator.py:185)
2026-03-09 18:54:24,937 - MainThread - sqlmesh.core.state_sync.db.migrator - INFO - Applying migration <module 'sqlmesh.migrations.v0085_deterministic_repr' from '/Users/whiz/.pyenv/versions/3.13.11/lib/python3.13/site-packages/sqlmesh/migrations/v0085_deterministic_repr.py'> (migrator.py:185)
2026-03-09 18:54:24,937 - MainThread - sqlmesh.core.state_sync.db.migrator - INFO - Applying migration <module 'sqlmesh.migrations.v0086_check_deterministic_bug' from '/Users/whiz/.pyenv/versions/3.13.11/lib/python3.13/site-packages/sqlmesh/migrations/v0086_check_deterministic_bug.py'> (migrator.py:185)
2026-03-09 18:54:24,937 - MainThread - sqlmesh.core.state_sync.db.migrator - INFO - Applying migration <module 'sqlmesh.migrations.v0087_normalize_blueprint_variables' from '/Users/whiz/.pyenv/versions/3.13.11/lib/python3.13/site-packages/sqlmesh/migrations/v0087_normalize_blueprint_variables.py'> (migrator.py:185)
2026-03-09 18:54:24,937 - MainThread - sqlmesh.core.state_sync.db.migrator - INFO - Applying migration <module 'sqlmesh.migrations.v0088_warn_about_variable_python_env_diffs' from '/Users/whiz/.pyenv/versions/3.13.11/lib/python3.13/site-packages/sqlmesh/migrations/v0088_warn_about_variable_python_env_diffs.py'> (migrator.py:185)
2026-03-09 18:54:24,937 - MainThread - sqlmesh.core.state_sync.db.migrator - INFO - Applying migration <module 'sqlmesh.migrations.v0089_add_virtual_environment_mode' from '/Users/whiz/.pyenv/versions/3.13.11/lib/python3.13/site-packages/sqlmesh/migrations/v0089_add_virtual_environment_mode.py'> (migrator.py:185)
2026-03-09 18:54:24,937 - MainThread - sqlmesh.core.state_sync.db.migrator - INFO - Applying migration <module 'sqlmesh.migrations.v0090_add_forward_only_column' from '/Users/whiz/.pyenv/versions/3.13.11/lib/python3.13/site-packages/sqlmesh/migrations/v0090_add_forward_only_column.py'> (migrator.py:185)
2026-03-09 18:54:24,937 - MainThread - sqlmesh.core.state_sync.db.migrator - INFO - Applying migration <module 'sqlmesh.migrations.v0091_on_additive_change' from '/Users/whiz/.pyenv/versions/3.13.11/lib/python3.13/site-packages/sqlmesh/migrations/v0091_on_additive_change.py'> (migrator.py:185)
2026-03-09 18:54:24,937 - MainThread - sqlmesh.core.state_sync.db.migrator - INFO - Applying migration <module 'sqlmesh.migrations.v0092_warn_about_dbt_data_type_diff' from '/Users/whiz/.pyenv/versions/3.13.11/lib/python3.13/site-packages/sqlmesh/migrations/v0092_warn_about_dbt_data_type_diff.py'> (migrator.py:185)
2026-03-09 18:54:24,937 - MainThread - sqlmesh.core.state_sync.db.migrator - INFO - Applying migration <module 'sqlmesh.migrations.v0093_use_raw_sql_in_fingerprint' from '/Users/whiz/.pyenv/versions/3.13.11/lib/python3.13/site-packages/sqlmesh/migrations/v0093_use_raw_sql_in_fingerprint.py'> (migrator.py:185)
2026-03-09 18:54:24,937 - MainThread - sqlmesh.core.state_sync.db.migrator - INFO - Applying migration <module 'sqlmesh.migrations.v0094_add_dev_version_and_fingerprint_columns' from '/Users/whiz/.pyenv/versions/3.13.11/lib/python3.13/site-packages/sqlmesh/migrations/v0094_add_dev_version_and_fingerprint_columns.py'> (migrator.py:185)
2026-03-09 18:54:24,937 - MainThread - sqlmesh.core.state_sync.db.migrator - INFO - Applying migration <module 'sqlmesh.migrations.v0095_warn_about_dbt_raw_sql_diff' from '/Users/whiz/.pyenv/versions/3.13.11/lib/python3.13/site-packages/sqlmesh/migrations/v0095_warn_about_dbt_raw_sql_diff.py'> (migrator.py:185)
2026-03-09 18:54:24,937 - MainThread - sqlmesh.core.state_sync.db.migrator - INFO - Applying migration <module 'sqlmesh.migrations.v0096_remove_plan_dags_table' from '/Users/whiz/.pyenv/versions/3.13.11/lib/python3.13/site-packages/sqlmesh/migrations/v0096_remove_plan_dags_table.py'> (migrator.py:185)
2026-03-09 18:54:24,938 - MainThread - sqlmesh.core.state_sync.db.migrator - INFO - Applying migration <module 'sqlmesh.migrations.v0097_add_dbt_name_in_node' from '/Users/whiz/.pyenv/versions/3.13.11/lib/python3.13/site-packages/sqlmesh/migrations/v0097_add_dbt_name_in_node.py'> (migrator.py:185)
2026-03-09 18:54:24,938 - MainThread - sqlmesh.core.state_sync.db.migrator - INFO - Applying migration <module 'sqlmesh.migrations.v0098_add_dbt_node_info_in_node' from '/Users/whiz/.pyenv/versions/3.13.11/lib/python3.13/site-packages/sqlmesh/migrations/v0098_add_dbt_node_info_in_node.py'> (migrator.py:185)
2026-03-09 18:54:24,938 - MainThread - sqlmesh.core.state_sync.db.migrator - INFO - Applying migration <module 'sqlmesh.migrations.v0099_add_last_altered_to_intervals' from '/Users/whiz/.pyenv/versions/3.13.11/lib/python3.13/site-packages/sqlmesh/migrations/v0099_add_last_altered_to_intervals.py'> (migrator.py:185)
2026-03-09 18:54:24,938 - MainThread - sqlmesh.core.state_sync.db.migrator - INFO - Applying migration <module 'sqlmesh.migrations.v0100_add_grants_and_grants_target_layer' from '/Users/whiz/.pyenv/versions/3.13.11/lib/python3.13/site-packages/sqlmesh/migrations/v0100_add_grants_and_grants_target_layer.py'> (migrator.py:185)
2026-03-09 18:54:24,939 - MainThread - sqlmesh.core.state_sync.db.migrator - INFO - Fetching environments (migrator.py:207)
2026-03-09 18:54:24,940 - MainThread - sqlmesh.core.state_sync.db.migrator - INFO - Migrating snapshot rows... (migrator.py:224)
2026-03-09 18:54:24,940 - MainThread - sqlmesh.core.state_sync.db.migrator - INFO - No changes to snapshots detected (migrator.py:217)
2026-03-09 18:54:24,951 - MainThread - py4j.clientserver - INFO - Closing down clientserver connection (clientserver.py:570)
2026-03-09 18:54:24,951 - MainThread - py4j.clientserver - INFO - Closing down clientserver connection (clientserver.py:570)
2026-03-09 18:54:24,952 - MainThread - py4j.clientserver - INFO - Closing down clientserver connection (clientserver.py:570)
2026-03-09 18:54:24,953 - MainThread - py4j.clientserver - INFO - Closing down clientserver connection (clientserver.py:570)
2026-03-09 18:54:24,954 - MainThread - py4j.clientserver - INFO - Closing down clientserver connection (clientserver.py:570)
2026-03-09 18:54:24,955 - MainThread - py4j.clientserver - INFO - Closing down clientserver connection (clientserver.py:570)
2026-03-09 18:54:24,956 - MainThread - py4j.clientserver - INFO - Closing down clientserver connection (clientserver.py:570)
2026-03-09 18:54:24,957 - MainThread - py4j.clientserver - INFO - Closing down clientserver connection (clientserver.py:570)
2026-03-09 18:54:24,959 - MainThread - py4j.clientserver - INFO - Closing down clientserver connection (clientserver.py:570)
2026-03-09 18:54:24,961 - MainThread - py4j.clientserver - INFO - Closing down clientserver connection (clientserver.py:570)
2026-03-09 18:54:24,964 - MainThread - py4j.clientserver - INFO - Closing down clientserver connection (clientserver.py:570)
2026-03-09 18:54:24,968 - MainThread - py4j.clientserver - INFO - Closing down clientserver connection (clientserver.py:570)
2026-03-09 18:54:24,973 - MainThread - py4j.clientserver - INFO - Closing down clientserver connection (clientserver.py:570)
2026-03-09 18:54:24,977 - MainThread - py4j.clientserver - INFO - Closing down clientserver connection (clientserver.py:570)
2026-03-09 18:54:25,245 - MainThread - py4j.clientserver - INFO - Closing down clientserver connection (clientserver.py:570)
2026-03-09 18:54:25,246 - MainThread - py4j.clientserver - INFO - Closing down clientserver connection (clientserver.py:570)
2026-03-09 18:54:25,247 - MainThread - py4j.clientserver - INFO - Closing down clientserver connection (clientserver.py:570)
2026-03-09 18:54:25,247 - MainThread - py4j.clientserver - INFO - Closing down clientserver connection (clientserver.py:570)
2026-03-09 18:54:25,248 - MainThread - py4j.clientserver - INFO - Closing down clientserver connection (clientserver.py:570)
2026-03-09 18:54:25,249 - MainThread - py4j.clientserver - INFO - Closing down clientserver connection (clientserver.py:570)
2026-03-09 18:54:25,250 - MainThread - py4j.clientserver - INFO - Closing down clientserver connection (clientserver.py:570)
2026-03-09 18:54:25,251 - MainThread - py4j.clientserver - INFO - Closing down clientserver connection (clientserver.py:570)
2026-03-09 18:54:25,252 - MainThread - py4j.clientserver - INFO - Closing down clientserver connection (clientserver.py:570)
2026-03-09 18:54:25,253 - MainThread - py4j.clientserver - INFO - Closing down clientserver connection (clientserver.py:570)
2026-03-09 18:54:25,254 - MainThread - py4j.clientserver - INFO - Closing down clientserver connection (clientserver.py:570)
2026-03-09 18:54:25,255 - MainThread - py4j.clientserver - INFO - Closing down clientserver connection (clientserver.py:570)
2026-03-09 18:54:25,255 - MainThread - py4j.clientserver - INFO - Closing down clientserver connection (clientserver.py:570)
2026-03-09 18:54:25,256 - MainThread - py4j.clientserver - INFO - Closing down clientserver connection (clientserver.py:570)
2026-03-09 18:54:25,343 - Thread-1 - py4j.clientserver - INFO - Error while sending or receiving. (clientserver.py:529)
Traceback (most recent call last):
  File "/Users/whiz/.pyenv/versions/3.13.11/lib/python3.13/site-packages/py4j/clientserver.py", line 527, in send_command
    self.socket.sendall(command.encode("utf-8"))
    ~~~~~~~~~~~~~~~~~~~^^^^^^^^^^^^^^^^^^^^^^^^^
BrokenPipeError: [Errno 32] Broken pipe
2026-03-09 18:54:25,344 - Thread-1 - py4j.clientserver - INFO - Closing down clientserver connection (clientserver.py:570)
2026-03-09 18:54:25,344 - Thread-1 - root - INFO - Exception while sending command. (java_gateway.py:1056)
Traceback (most recent call last):
  File "/Users/whiz/.pyenv/versions/3.13.11/lib/python3.13/site-packages/py4j/clientserver.py", line 527, in send_command
    self.socket.sendall(command.encode("utf-8"))
    ~~~~~~~~~~~~~~~~~~~^^^^^^^^^^^^^^^^^^^^^^^^^
BrokenPipeError: [Errno 32] Broken pipe

During handling of the above exception, another exception occurred:

Traceback (most recent call last):
  File "/Users/whiz/.pyenv/versions/3.13.11/lib/python3.13/site-packages/py4j/java_gateway.py", line 1038, in send_command
    response = connection.send_command(command)
  File "/Users/whiz/.pyenv/versions/3.13.11/lib/python3.13/site-packages/py4j/clientserver.py", line 530, in send_command
    raise Py4JNetworkError(
        "Error while sending", e, proto.ERROR_ON_SEND)
py4j.protocol.Py4JNetworkError: Error while sending
2026-03-09 18:54:25,347 - Thread-1 - py4j.clientserver - INFO - Closing down clientserver connection (clientserver.py:570)
2026-03-09 18:54:25,389 - MainThread - sqlmesh.core.plan.evaluator - INFO - Evaluating plan stage CreateSnapshotRecordsStage (evaluator.py:123)
2026-03-09 18:54:25,402 - MainThread - sqlmesh.core.plan.evaluator - INFO - Evaluating plan stage PhysicalLayerSchemaCreationStage (evaluator.py:123)
2026-03-09 18:54:25,403 - ThreadPoolExecutor-1_0 - sqlmesh.core.snapshot.evaluator - INFO - Creating schema 'spark_catalog.sqlmesh__ai_categorization' (evaluator.py:1449)
2026-03-09 18:54:25,403 - ThreadPoolExecutor-1_0 - sqlmesh.core.engine_adapter.base - INFO - Executing SQL: /* SQLMESH_PLAN: ed2ba6de91a24804bdbecacaed7eea6e */ CREATE SCHEMA IF NOT EXISTS `spark_catalog`.`sqlmesh__ai_categorization` (base.py:2626)
2026-03-09 18:54:26,569 - Dummy-6 - py4j.clientserver - INFO - Closing down clientserver connection (clientserver.py:570)
2026-03-09 18:54:26,569 - MainThread - sqlmesh.core.plan.evaluator - INFO - Evaluating plan stage BackfillStage (evaluator.py:123)
2026-03-09 18:54:26,572 - ThreadPoolExecutor-2_0 - sqlmesh.core.snapshot.evaluator - INFO - Listing data objects in schema spark_catalog.sqlmesh__ai_categorization (evaluator.py:1616)
2026-03-09 18:54:26,572 - ThreadPoolExecutor-2_0 - sqlmesh.core.engine_adapter.base - INFO - Executing SQL: /* SQLMESH_PLAN: ed2ba6de91a24804bdbecacaed7eea6e */ SHOW TABLE EXTENDED IN spark_catalog.sqlmesh__ai_categorization LIKE 'ai_categorization__seed_raw_score_deposits__1532615325|ai_categorization__seed_bankplus_product_catalog__4155955684|ai_categorization__seed_raw_score_loans__38963444|ai_categorization__ai_product_suggestions__1281620904|ai_categorization__product_classification_suggestions__3868421256' (base.py:2626)
2026-03-09 18:54:26,923 - Dummy-8 - py4j.clientserver - INFO - Closing down clientserver connection (clientserver.py:570)
2026-03-09 18:54:26,924 - ThreadPoolExecutor-3_0 - sqlmesh.core.snapshot.evaluator - INFO - Evaluating snapshot SnapshotId<"spark_catalog"."ai_categorization"."seed_bankplus_product_catalog": 1009601787> (evaluator.py:711)
2026-03-09 18:54:26,925 - ThreadPoolExecutor-3_0 - sqlmesh.core.snapshot.evaluator - INFO - Creating table 'spark_catalog.sqlmesh__ai_categorization.ai_categorization__seed_bankplus_product_catalog__4155955684' (evaluator.py:2042)
2026-03-09 18:54:26,925 - ThreadPoolExecutor-3_1 - sqlmesh.core.snapshot.evaluator - INFO - Evaluating snapshot SnapshotId<"spark_catalog"."ai_categorization"."seed_raw_score_deposits": 2942296649> (evaluator.py:711)
2026-03-09 18:54:26,926 - ThreadPoolExecutor-3_0 - sqlmesh.core.engine_adapter.base - INFO - Executing SQL: /* SQLMESH_PLAN: ed2ba6de91a24804bdbecacaed7eea6e */ CREATE TABLE IF NOT EXISTS `spark_catalog`.`sqlmesh__ai_categorization`.`ai_categorization__seed_bankplus_product_catalog__4155955684` (`product_code` STRING, `product_description` STRING, `product_domain` STRING, `source_table` STRING, `purpose_code` STRING, `purpose_description` STRING, `loan_type_desc` STRING, `account_count` INT) (base.py:2626)
2026-03-09 18:54:26,926 - ThreadPoolExecutor-3_2 - sqlmesh.core.snapshot.evaluator - INFO - Evaluating snapshot SnapshotId<"spark_catalog"."ai_categorization"."seed_raw_score_loans": 2421808298> (evaluator.py:711)
2026-03-09 18:54:26,926 - ThreadPoolExecutor-3_1 - sqlmesh.core.snapshot.evaluator - INFO - Creating table 'spark_catalog.sqlmesh__ai_categorization.ai_categorization__seed_raw_score_deposits__1532615325' (evaluator.py:2042)
2026-03-09 18:54:26,927 - ThreadPoolExecutor-3_2 - sqlmesh.core.snapshot.evaluator - INFO - Creating table 'spark_catalog.sqlmesh__ai_categorization.ai_categorization__seed_raw_score_loans__38963444' (evaluator.py:2042)
2026-03-09 18:54:26,927 - ThreadPoolExecutor-3_1 - sqlmesh.core.engine_adapter.base - INFO - Executing SQL: /* SQLMESH_PLAN: ed2ba6de91a24804bdbecacaed7eea6e */ CREATE TABLE IF NOT EXISTS `spark_catalog`.`sqlmesh__ai_categorization`.`ai_categorization__seed_raw_score_deposits__1532615325` (`actype` STRING, `sccode` STRING, `status` INT, `acctno` STRING, `ddpscod` STRING) (base.py:2626)
2026-03-09 18:54:26,928 - ThreadPoolExecutor-3_2 - sqlmesh.core.engine_adapter.base - INFO - Executing SQL: /* SQLMESH_PLAN: ed2ba6de91a24804bdbecacaed7eea6e */ CREATE TABLE IF NOT EXISTS `spark_catalog`.`sqlmesh__ai_categorization`.`ai_categorization__seed_raw_score_loans__38963444` (`actype` STRING, `purcod` INT, `purposedescription` STRING, `type` STRING, `loantypedesc` STRING, `status` INT, `acctno` STRING) (base.py:2626)
2026-03-09 18:54:27,103 - ThreadPoolExecutor-3_2 - sqlmesh.core.engine_adapter.base - INFO - Executing SQL: /* SQLMESH_PLAN: ed2ba6de91a24804bdbecacaed7eea6e */ SHOW TABLE EXTENDED IN spark_catalog.sqlmesh__ai_categorization LIKE 'ai_categorization__seed_raw_score_loans__38963444' (base.py:2626)
2026-03-09 18:54:27,113 - ThreadPoolExecutor-3_0 - sqlmesh.core.engine_adapter.base - INFO - Executing SQL: /* SQLMESH_PLAN: ed2ba6de91a24804bdbecacaed7eea6e */ SHOW TABLE EXTENDED IN spark_catalog.sqlmesh__ai_categorization LIKE 'ai_categorization__seed_bankplus_product_catalog__4155955684' (base.py:2626)
2026-03-09 18:54:27,117 - ThreadPoolExecutor-3_1 - sqlmesh.core.engine_adapter.base - INFO - Executing SQL: /* SQLMESH_PLAN: ed2ba6de91a24804bdbecacaed7eea6e */ SHOW TABLE EXTENDED IN spark_catalog.sqlmesh__ai_categorization LIKE 'ai_categorization__seed_raw_score_deposits__1532615325' (base.py:2626)
2026-03-09 18:54:27,261 - ThreadPoolExecutor-3_2 - sqlmesh.core.engine_adapter.base - INFO - Executing SQL: /* SQLMESH_PLAN: ed2ba6de91a24804bdbecacaed7eea6e */ INSERT OVERWRITE TABLE `spark_catalog`.`sqlmesh__ai_categorization`.`ai_categorization__seed_raw_score_loans__38963444` (`actype`, `purcod`, `purposedescription`, `type`, `loantypedesc`, `status`, `acctno`) SELECT `actype`, `purcod`, `purposedescription`, `type`, `loantypedesc`, `status`, `acctno` FROM global_temp.`temp_ai_categorization__seed_raw_score_loans__38963444_tw91kdsd` (base.py:2626)
2026-03-09 18:54:27,262 - ThreadPoolExecutor-3_1 - sqlmesh.core.engine_adapter.base - INFO - Executing SQL: /* SQLMESH_PLAN: ed2ba6de91a24804bdbecacaed7eea6e */ INSERT OVERWRITE TABLE `spark_catalog`.`sqlmesh__ai_categorization`.`ai_categorization__seed_raw_score_deposits__1532615325` (`actype`, `sccode`, `status`, `acctno`, `ddpscod`) SELECT `actype`, `sccode`, `status`, `acctno`, `ddpscod` FROM global_temp.`temp_ai_categorization__seed_raw_score_deposits__1532615325_1odazr0y` (base.py:2626)
2026-03-09 18:54:27,263 - ThreadPoolExecutor-3_0 - sqlmesh.core.engine_adapter.base - INFO - Executing SQL: /* SQLMESH_PLAN: ed2ba6de91a24804bdbecacaed7eea6e */ INSERT OVERWRITE TABLE `spark_catalog`.`sqlmesh__ai_categorization`.`ai_categorization__seed_bankplus_product_catalog__4155955684` (`product_code`, `product_description`, `product_domain`, `source_table`, `purpose_code`, `purpose_description`, `loan_type_desc`, `account_count`) SELECT `product_code`, `product_description`, `product_domain`, `source_table`, `purpose_code`, `purpose_description`, `loan_type_desc`, `account_count` FROM global_temp.`temp_ai_categorization__seed_bankplus_product_catalog__4155955684_c72q05e3` (base.py:2626)
2026-03-09 18:54:28,931 - ThreadPoolExecutor-3_0 - sqlmesh.core.state_sync.db.facade - INFO - Adding interval (2026-03-08 00:00:00, 2026-03-09 00:00:00) for snapshot SnapshotId<"spark_catalog"."ai_categorization"."seed_bankplus_product_catalog": 1009601787> (facade.py:637)
2026-03-09 18:54:28,931 - ThreadPoolExecutor-3_0 - sqlmesh.core.state_sync.db.interval - INFO - Pushing intervals for snapshot SnapshotId<"spark_catalog"."ai_categorization"."seed_bankplus_product_catalog": 1009601787> (interval.py:215)
2026-03-09 18:54:28,937 - ThreadPoolExecutor-3_3 - sqlmesh.core.snapshot.evaluator - INFO - Evaluating snapshot SnapshotId<"spark_catalog"."ai_categorization"."product_classification_suggestions": 1759084965> (evaluator.py:711)
2026-03-09 18:54:28,938 - ThreadPoolExecutor-3_3 - sqlmesh.core.snapshot.evaluator - INFO - Creating table 'spark_catalog.sqlmesh__ai_categorization.ai_categorization__product_classification_suggestions__3868421256' (evaluator.py:2042)
2026-03-09 18:54:28,939 - ThreadPoolExecutor-3_3 - sqlmesh.core.engine_adapter.base - INFO - Executing SQL: /* SQLMESH_PLAN: ed2ba6de91a24804bdbecacaed7eea6e */ CREATE TABLE IF NOT EXISTS `spark_catalog`.`sqlmesh__ai_categorization`.`ai_categorization__product_classification_suggestions__3868421256` (`prod_product_type_id` STRING, `prod_line_of_business` STRING, `prod_product_category` STRING, `prod_product_type` STRING, `prod_product_name` STRING, `prod_product_code` STRING, `prod_status` STRING, `prod_core_system_mapping` STRING, `prod_balance_requires_abs` BOOLEAN, `prod_created_date` STRING, `prod_modified_date` STRING, `processing_timestamp` STRING, `review_status` STRING, `confidence` DOUBLE, `ai_model` STRING, `prompt_version` STRING, `product_domain` STRING, `source_table` STRING, `account_count` INT) (base.py:2626)
2026-03-09 18:54:29,183 - ThreadPoolExecutor-3_1 - sqlmesh.core.state_sync.db.facade - INFO - Adding interval (2026-03-08 00:00:00, 2026-03-09 00:00:00) for snapshot SnapshotId<"spark_catalog"."ai_categorization"."seed_raw_score_deposits": 2942296649> (facade.py:637)
2026-03-09 18:54:29,183 - ThreadPoolExecutor-3_1 - sqlmesh.core.state_sync.db.interval - INFO - Pushing intervals for snapshot SnapshotId<"spark_catalog"."ai_categorization"."seed_raw_score_deposits": 2942296649> (interval.py:215)
2026-03-09 18:54:29,243 - ThreadPoolExecutor-3_2 - sqlmesh.core.state_sync.db.facade - INFO - Adding interval (2026-03-08 00:00:00, 2026-03-09 00:00:00) for snapshot SnapshotId<"spark_catalog"."ai_categorization"."seed_raw_score_loans": 2421808298> (facade.py:637)
2026-03-09 18:54:29,243 - ThreadPoolExecutor-3_2 - sqlmesh.core.state_sync.db.interval - INFO - Pushing intervals for snapshot SnapshotId<"spark_catalog"."ai_categorization"."seed_raw_score_loans": 2421808298> (interval.py:215)
2026-03-09 18:54:29,324 - ThreadPoolExecutor-3_3 - sqlmesh.core.snapshot.evaluator - INFO - Inserting data for snapshot SnapshotId<"spark_catalog"."ai_categorization"."product_classification_suggestions": 1759084965> (evaluator.py:952)
2026-03-09 18:54:29,336 - ThreadPoolExecutor-3_3 - sqlmesh.core.engine_adapter.base - INFO - Executing SQL: /* SQLMESH_PLAN: ed2ba6de91a24804bdbecacaed7eea6e */ SELECT * FROM `spark_catalog`.`sqlmesh__ai_categorization`.`ai_categorization__seed_bankplus_product_catalog__4155955684` (base.py:2626)
2026-03-09 18:54:30,208 - ThreadPoolExecutor-3_3 - sqlmesh.core.snapshot.evaluator - INFO - Inserting batch (2026-03-08 00:00:00, 2026-03-09 00:00:00) into spark_catalog.sqlmesh__ai_categorization.ai_categorization__product_classification_suggestions__3868421256' (evaluator.py:984)
2026-03-09 18:54:30,209 - ThreadPoolExecutor-3_3 - sqlmesh.core.engine_adapter.base - INFO - Executing SQL: /* SQLMESH_PLAN: ed2ba6de91a24804bdbecacaed7eea6e */ SHOW TABLE EXTENDED IN spark_catalog.sqlmesh__ai_categorization LIKE 'ai_categorization__product_classification_suggestions__3868421256' (base.py:2626)
2026-03-09 18:54:30,257 - ThreadPoolExecutor-3_3 - sqlmesh.core.engine_adapter.base - INFO - Executing SQL: /* SQLMESH_PLAN: ed2ba6de91a24804bdbecacaed7eea6e */ INSERT OVERWRITE TABLE `spark_catalog`.`sqlmesh__ai_categorization`.`ai_categorization__product_classification_suggestions__3868421256` (`prod_product_type_id`, `prod_line_of_business`, `prod_product_category`, `prod_product_type`, `prod_product_name`, `prod_product_code`, `prod_status`, `prod_core_system_mapping`, `prod_balance_requires_abs`, `prod_created_date`, `prod_modified_date`, `processing_timestamp`, `review_status`, `confidence`, `ai_model`, `prompt_version`, `product_domain`, `source_table`, `account_count`) SELECT `prod_product_type_id`, `prod_line_of_business`, `prod_product_category`, `prod_product_type`, `prod_product_name`, `prod_product_code`, `prod_status`, `prod_core_system_mapping`, `prod_balance_requires_abs`, `prod_created_date`, `prod_modified_date`, `processing_timestamp`, `review_status`, `confidence`, `ai_model`, `prompt_version`, `product_domain`, `source_table`, `account_count` FROM global_temp.`temp_ai_categorization__product_classification_suggestions__3868421256_26daj7jv` (base.py:2626)
2026-03-09 18:54:30,584 - ThreadPoolExecutor-3_3 - sqlmesh.core.state_sync.db.facade - INFO - Adding interval (2026-03-08 00:00:00, 2026-03-09 00:00:00) for snapshot SnapshotId<"spark_catalog"."ai_categorization"."product_classification_suggestions": 1759084965> (facade.py:637)
2026-03-09 18:54:30,584 - ThreadPoolExecutor-3_3 - sqlmesh.core.state_sync.db.interval - INFO - Pushing intervals for snapshot SnapshotId<"spark_catalog"."ai_categorization"."product_classification_suggestions": 1759084965> (interval.py:215)
2026-03-09 18:54:30,588 - ThreadPoolExecutor-3_0 - sqlmesh.core.snapshot.evaluator - INFO - Evaluating snapshot SnapshotId<"spark_catalog"."ai_categorization"."ai_product_suggestions": 139165545> (evaluator.py:711)
2026-03-09 18:54:30,588 - ThreadPoolExecutor-3_0 - sqlmesh.core.snapshot.evaluator - INFO - Inserting data for snapshot SnapshotId<"spark_catalog"."ai_categorization"."ai_product_suggestions": 139165545> (evaluator.py:952)
2026-03-09 18:54:30,592 - ThreadPoolExecutor-3_0 - sqlmesh.core.snapshot.evaluator - INFO - Inserting batch (2026-03-08 00:00:00, 2026-03-09 00:00:00) into spark_catalog.sqlmesh__ai_categorization.ai_categorization__ai_product_suggestions__1281620904' (evaluator.py:984)
2026-03-09 18:54:30,596 - ThreadPoolExecutor-3_0 - sqlmesh.core.engine_adapter.base - INFO - Executing SQL: /* SQLMESH_PLAN: ed2ba6de91a24804bdbecacaed7eea6e */ CREATE TABLE IF NOT EXISTS `spark_catalog`.`sqlmesh__ai_categorization`.`ai_categorization__ai_product_suggestions__1281620904` AS SELECT CAST(`prod_product_type_id` AS STRING) AS `prod_product_type_id`, CAST(`prod_line_of_business` AS STRING) AS `prod_line_of_business`, CAST(`prod_product_category` AS STRING) AS `prod_product_category`, CAST(`prod_product_type` AS STRING) AS `prod_product_type`, CAST(`prod_product_name` AS STRING) AS `prod_product_name`, CAST(`prod_product_code` AS STRING) AS `prod_product_code`, CAST(`prod_status` AS STRING) AS `prod_status`, CAST(`prod_core_system_mapping` AS STRING) AS `prod_core_system_mapping`, CAST(`prod_balance_requires_abs` AS BOOLEAN) AS `prod_balance_requires_abs`, CAST(`prod_created_date` AS STRING) AS `prod_created_date`, CAST(`prod_modified_date` AS STRING) AS `prod_modified_date`, CAST(`processing_timestamp` AS STRING) AS `processing_timestamp`, CAST(`review_status` AS STRING) AS `review_status`, CAST(`confidence` AS DOUBLE) AS `confidence`, CAST(`ai_model` AS STRING) AS `ai_model`, CAST(`prompt_version` AS STRING) AS `prompt_version`, CAST(`product_domain` AS STRING) AS `product_domain`, CAST(`source_table` AS STRING) AS `source_table`, CAST(`account_count` AS INT) AS `account_count` FROM (SELECT `product_classification_suggestions`.`prod_product_type_id` AS `prod_product_type_id`, `product_classification_suggestions`.`prod_line_of_business` AS `prod_line_of_business`, `product_classification_suggestions`.`prod_product_category` AS `prod_product_category`, `product_classification_suggestions`.`prod_product_type` AS `prod_product_type`, `product_classification_suggestions`.`prod_product_name` AS `prod_product_name`, `product_classification_suggestions`.`prod_product_code` AS `prod_product_code`, `product_classification_suggestions`.`prod_status` AS `prod_status`, `product_classification_suggestions`.`prod_core_system_mapping` AS `prod_core_system_mapping`, `product_classification_suggestions`.`prod_balance_requires_abs` AS `prod_balance_requires_abs`, `product_classification_suggestions`.`prod_created_date` AS `prod_created_date`, `product_classification_suggestions`.`prod_modified_date` AS `prod_modified_date`, `product_classification_suggestions`.`processing_timestamp` AS `processing_timestamp`, `product_classification_suggestions`.`review_status` AS `review_status`, `product_classification_suggestions`.`confidence` AS `confidence`, `product_classification_suggestions`.`ai_model` AS `ai_model`, `product_classification_suggestions`.`prompt_version` AS `prompt_version`, `product_classification_suggestions`.`product_domain` AS `product_domain`, `product_classification_suggestions`.`source_table` AS `source_table`, `product_classification_suggestions`.`account_count` AS `account_count` FROM `spark_catalog`.`sqlmesh__ai_categorization`.`ai_categorization__product_classification_suggestions__3868421256` AS `product_classification_suggestions`) AS `_subquery` (base.py:2626)
2026-03-09 18:54:30,947 - ThreadPoolExecutor-3_0 - sqlmesh.core.state_sync.db.facade - INFO - Adding interval (2026-03-08 00:00:00, 2026-03-09 00:00:00) for snapshot SnapshotId<"spark_catalog"."ai_categorization"."ai_product_suggestions": 139165545> (facade.py:637)
2026-03-09 18:54:30,947 - ThreadPoolExecutor-3_0 - sqlmesh.core.state_sync.db.interval - INFO - Pushing intervals for snapshot SnapshotId<"spark_catalog"."ai_categorization"."ai_product_suggestions": 139165545> (interval.py:215)
2026-03-09 18:54:30,951 - Dummy-9 - py4j.clientserver - INFO - Closing down clientserver connection (clientserver.py:570)
2026-03-09 18:54:30,951 - Dummy-10 - py4j.clientserver - INFO - Closing down clientserver connection (clientserver.py:570)
2026-03-09 18:54:30,951 - Dummy-11 - py4j.clientserver - INFO - Closing down clientserver connection (clientserver.py:570)
2026-03-09 18:54:30,951 - Dummy-12 - py4j.clientserver - INFO - Closing down clientserver connection (clientserver.py:570)
2026-03-09 18:54:30,953 - MainThread - sqlmesh.core.plan.evaluator - INFO - Evaluating plan stage EnvironmentRecordUpdateStage (evaluator.py:123)
2026-03-09 18:54:30,954 - MainThread - sqlmesh.core.state_sync.db.facade - INFO - Promoting environment 'prod' (facade.py:167)
2026-03-09 18:54:30,960 - MainThread - sqlmesh.core.plan.evaluator - INFO - Evaluating plan stage UnpauseStage (evaluator.py:123)
2026-03-09 18:54:30,967 - MainThread - sqlmesh.core.plan.evaluator - INFO - Evaluating plan stage VirtualLayerUpdateStage (evaluator.py:123)
2026-03-09 18:54:30,968 - ThreadPoolExecutor-4_0 - sqlmesh.core.snapshot.evaluator - INFO - Creating schema 'spark_catalog.ai_categorization' (evaluator.py:1449)
2026-03-09 18:54:30,968 - ThreadPoolExecutor-4_0 - sqlmesh.core.engine_adapter.base - INFO - Executing SQL: /* SQLMESH_PLAN: ed2ba6de91a24804bdbecacaed7eea6e */ CREATE SCHEMA IF NOT EXISTS `spark_catalog`.`ai_categorization` (base.py:2626)
2026-03-09 18:54:31,025 - Dummy-14 - py4j.clientserver - INFO - Closing down clientserver connection (clientserver.py:570)
2026-03-09 18:54:31,025 - ThreadPoolExecutor-5_0 - sqlmesh.core.snapshot.evaluator - INFO - Listing data objects in schema spark_catalog.ai_categorization (evaluator.py:1616)
2026-03-09 18:54:31,025 - ThreadPoolExecutor-5_0 - sqlmesh.core.engine_adapter.base - INFO - Executing SQL: /* SQLMESH_PLAN: ed2ba6de91a24804bdbecacaed7eea6e */ SHOW TABLE EXTENDED IN spark_catalog.ai_categorization LIKE 'seed_raw_score_loans|seed_raw_score_deposits|seed_bankplus_product_catalog|ai_product_suggestions|product_classification_suggestions' (base.py:2626)
2026-03-09 18:54:31,045 - Dummy-15 - py4j.clientserver - INFO - Closing down clientserver connection (clientserver.py:570)
2026-03-09 18:54:31,046 - ThreadPoolExecutor-6_0 - sqlmesh.core.snapshot.evaluator - INFO - Updating view 'spark_catalog.ai_categorization.seed_raw_score_deposits' to point at table 'spark_catalog.sqlmesh__ai_categorization.ai_categorization__seed_raw_score_deposits__1532615325' (evaluator.py:1988)
2026-03-09 18:54:31,046 - ThreadPoolExecutor-6_0 - sqlmesh.core.engine_adapter.base - INFO - Executing SQL: /* SQLMESH_PLAN: ed2ba6de91a24804bdbecacaed7eea6e */ CREATE OR REPLACE VIEW spark_catalog.ai_categorization.seed_raw_score_deposits AS SELECT * FROM spark_catalog.sqlmesh__ai_categorization.ai_categorization__seed_raw_score_deposits__1532615325 (base.py:2626)
2026-03-09 18:54:31,047 - ThreadPoolExecutor-6_1 - sqlmesh.core.snapshot.evaluator - INFO - Updating view 'spark_catalog.ai_categorization.seed_bankplus_product_catalog' to point at table 'spark_catalog.sqlmesh__ai_categorization.ai_categorization__seed_bankplus_product_catalog__4155955684' (evaluator.py:1988)
2026-03-09 18:54:31,047 - ThreadPoolExecutor-6_2 - sqlmesh.core.snapshot.evaluator - INFO - Updating view 'spark_catalog.ai_categorization.seed_raw_score_loans' to point at table 'spark_catalog.sqlmesh__ai_categorization.ai_categorization__seed_raw_score_loans__38963444' (evaluator.py:1988)
2026-03-09 18:54:31,047 - ThreadPoolExecutor-6_1 - sqlmesh.core.engine_adapter.base - INFO - Executing SQL: /* SQLMESH_PLAN: ed2ba6de91a24804bdbecacaed7eea6e */ CREATE OR REPLACE VIEW spark_catalog.ai_categorization.seed_bankplus_product_catalog AS SELECT * FROM spark_catalog.sqlmesh__ai_categorization.ai_categorization__seed_bankplus_product_catalog__4155955684 (base.py:2626)
2026-03-09 18:54:31,048 - ThreadPoolExecutor-6_2 - sqlmesh.core.engine_adapter.base - INFO - Executing SQL: /* SQLMESH_PLAN: ed2ba6de91a24804bdbecacaed7eea6e */ CREATE OR REPLACE VIEW spark_catalog.ai_categorization.seed_raw_score_loans AS SELECT * FROM spark_catalog.sqlmesh__ai_categorization.ai_categorization__seed_raw_score_loans__38963444 (base.py:2626)
2026-03-09 18:54:31,119 - ThreadPoolExecutor-6_3 - sqlmesh.core.snapshot.evaluator - INFO - Updating view 'spark_catalog.ai_categorization.product_classification_suggestions' to point at table 'spark_catalog.sqlmesh__ai_categorization.ai_categorization__product_classification_suggestions__3868421256' (evaluator.py:1988)
2026-03-09 18:54:31,120 - ThreadPoolExecutor-6_3 - sqlmesh.core.engine_adapter.base - INFO - Executing SQL: /* SQLMESH_PLAN: ed2ba6de91a24804bdbecacaed7eea6e */ CREATE OR REPLACE VIEW spark_catalog.ai_categorization.product_classification_suggestions AS SELECT * FROM spark_catalog.sqlmesh__ai_categorization.ai_categorization__product_classification_suggestions__3868421256 (base.py:2626)
2026-03-09 18:54:31,166 - ThreadPoolExecutor-6_1 - sqlmesh.core.snapshot.evaluator - INFO - Updating view 'spark_catalog.ai_categorization.ai_product_suggestions' to point at table 'spark_catalog.sqlmesh__ai_categorization.ai_categorization__ai_product_suggestions__1281620904' (evaluator.py:1988)
2026-03-09 18:54:31,167 - ThreadPoolExecutor-6_1 - sqlmesh.core.engine_adapter.base - INFO - Executing SQL: /* SQLMESH_PLAN: ed2ba6de91a24804bdbecacaed7eea6e */ CREATE OR REPLACE VIEW spark_catalog.ai_categorization.ai_product_suggestions AS SELECT * FROM spark_catalog.sqlmesh__ai_categorization.ai_categorization__ai_product_suggestions__1281620904 (base.py:2626)
2026-03-09 18:54:31,200 - Dummy-16 - py4j.clientserver - INFO - Closing down clientserver connection (clientserver.py:570)
2026-03-09 18:54:31,200 - Dummy-17 - py4j.clientserver - INFO - Closing down clientserver connection (clientserver.py:570)
2026-03-09 18:54:31,200 - Dummy-18 - py4j.clientserver - INFO - Closing down clientserver connection (clientserver.py:570)
2026-03-09 18:54:31,200 - Dummy-19 - py4j.clientserver - INFO - Closing down clientserver connection (clientserver.py:570)
2026-03-09 18:54:31,201 - MainThread - sqlmesh.core.plan.evaluator - INFO - Evaluating plan stage FinalizeEnvironmentStage (evaluator.py:123)
2026-03-09 18:54:31,201 - MainThread - sqlmesh.core.state_sync.db.environment - INFO - Finalizing environment 'prod' (environment.py:141)
2026-03-09 18:54:31,205 - MainThread - root - INFO - Shutting down the event dispatcher (dispatcher.py:159)
